{
  "RSpec": {
    "coverage": {
      "/home/andy/yalantis_task/task3_oop_yalantis/lib/dependencies.rb": {
        "lines": [
          1,
          1,
          1,
          1
        ]
      },
      "/home/andy/yalantis_task/task3_oop_yalantis/lib/transport.rb": {
        "lines": [
          1,
          null,
          1,
          null,
          1,
          null,
          1,
          null,
          1,
          0,
          0,
          null,
          null,
          1,
          0,
          null,
          null,
          1,
          0,
          null,
          null,
          1,
          0,
          null,
          null,
          1,
          0,
          null,
          null,
          1,
          0,
          null,
          null,
          1,
          0,
          null,
          null
        ]
      },
      "/home/andy/yalantis_task/task3_oop_yalantis/lib/bike.rb": {
        "lines": [
          1,
          null,
          1,
          null,
          1,
          1,
          null,
          1,
          3,
          3,
          3,
          3,
          3,
          null,
          null
        ]
      },
      "/home/andy/yalantis_task/task3_oop_yalantis/lib/car.rb": {
        "lines": [
          1,
          null,
          1,
          null,
          1,
          null,
          1,
          4,
          4,
          4,
          4,
          4,
          4,
          null,
          null
        ]
      },
      "/home/andy/yalantis_task/task3_oop_yalantis/lib/delivery_service.rb": {
        "lines": [
          1,
          null,
          1,
          null,
          1,
          2,
          2,
          2,
          null,
          null,
          1,
          0,
          0,
          0,
          0,
          null,
          0,
          null,
          null,
          null,
          1,
          0,
          0,
          0,
          0,
          0,
          0,
          0,
          null,
          0,
          null,
          null,
          null
        ]
      },
      "/home/andy/yalantis_task/task3_oop_yalantis/spec/bike_spec.rb": {
        "lines": [
          1,
          1,
          null,
          1,
          4,
          2,
          null,
          1,
          1,
          1,
          null,
          null,
          1,
          1,
          null,
          null,
          null,
          1,
          1,
          1,
          1,
          null,
          null,
          null,
          1,
          1,
          1,
          null,
          null,
          null,
          null
        ]
      },
      "/home/andy/yalantis_task/task3_oop_yalantis/spec/car_spec.rb": {
        "lines": [
          1,
          1,
          null,
          1,
          4,
          null,
          1,
          1,
          1,
          null,
          null,
          1,
          1,
          null,
          null,
          1,
          1,
          null,
          null,
          null,
          1,
          1,
          1,
          null,
          null,
          null,
          null
        ]
      },
      "/home/andy/yalantis_task/task3_oop_yalantis/spec/delivery_service_spec.rb": {
        "lines": [
          1,
          1,
          null,
          null,
          1,
          3,
          null,
          1,
          1,
          1,
          null,
          null,
          1,
          1,
          null,
          null,
          null,
          1,
          1,
          1,
          1,
          1,
          null,
          null,
          null
        ]
      }
    },
    "timestamp": 1587365764
  }
}
